<?xml version="1.0" encoding="utf-8"?>
<test-run id="2" testcasecount="33" result="Failed(Child)" total="33" passed="25" failed="8" inconclusive="0" skipped="0" asserts="0" engine-version="3.5.0.0" clr-version="4.0.30319.42000" start-time="2026-06-08 16:44:32Z" end-time="2026-06-08 16:44:33Z" duration="0.2678008">
  <test-suite type="TestSuite" id="1061" name="Catan" fullname="Catan" runstate="Runnable" testcasecount="33" result="Failed" site="Child" start-time="2026-06-08 16:44:32Z" end-time="2026-06-08 16:44:33Z" duration="0.267801" total="33" passed="25" failed="8" inconclusive="0" skipped="0" asserts="0">
    <properties>
      <property name="platform" value="EditMode" />
    </properties>
    <failure>
      <message><![CDATA[One or more child tests had errors]]></message>
    </failure>
    <test-suite type="Assembly" id="1054" name="Tests.dll" fullname="/Users/elenaistrate/HexLands/Library/ScriptAssemblies/Tests.dll" runstate="Runnable" testcasecount="33" result="Failed" site="Child" start-time="2026-06-08 16:44:32Z" end-time="2026-06-08 16:44:33Z" duration="0.266343" total="33" passed="25" failed="8" inconclusive="0" skipped="0" asserts="0">
      <properties>
        <property name="_PID" value="42328" />
        <property name="_APPDOMAIN" value="Unity Child Domain" />
        <property name="platform" value="EditMode" />
        <property name="EditorOnly" value="True" />
      </properties>
      <failure>
        <message><![CDATA[One or more child tests had errors]]></message>
      </failure>
      <test-suite type="TestFixture" id="1001" name="BankTradeManagerTests" fullname="BankTradeManagerTests" classname="BankTradeManagerTests" runstate="Runnable" testcasecount="3" result="Failed" site="Child" start-time="2026-06-08 16:44:32Z" end-time="2026-06-08 16:44:32Z" duration="0.002744" total="3" passed="2" failed="1" inconclusive="0" skipped="0" asserts="0">
        <properties />
        <failure>
          <message><![CDATA[One or more child tests had errors]]></message>
        </failure>
        <test-case id="1004" name="AttemptTrade_ShouldExecuteSuccessfully_WithCorrectResourceDeduction" fullname="BankTradeManagerTests.AttemptTrade_ShouldExecuteSuccessfully_WithCorrectResourceDeduction" methodname="AttemptTrade_ShouldExecuteSuccessfully_WithCorrectResourceDeduction" classname="BankTradeManagerTests" runstate="Runnable" seed="212107928" result="Failed" start-time="2026-06-08 16:44:32Z" end-time="2026-06-08 16:44:32Z" duration="0.001993" asserts="0">
          <properties>
            <property name="retryIteration" value="0" />
            <property name="repeatIteration" value="0" />
          </properties>
          <failure>
            <message><![CDATA[  Cele 4 lemne trebuiau extrase din inventar.
  Expected: 0
  But was:  4
]]></message>
            <stack-trace><![CDATA[at BankTradeManagerTests.AttemptTrade_ShouldExecuteSuccessfully_WithCorrectResourceDeduction () [0x00118] in /Users/elenaistrate/HexLands/Assets/Tests/BankTradeManagerTests.cs:108
]]></stack-trace>
          </failure>
          <output><![CDATA[Jucătorul Blue a primit 4 Wood.
Nu ai suficiente resurse! -1
]]></output>
        </test-case>
        <test-case id="1002" name="GetBestRateForPlayer_ShouldReturnDefaultRate4_WhenPlayerHasNoHarbors" fullname="BankTradeManagerTests.GetBestRateForPlayer_ShouldReturnDefaultRate4_WhenPlayerHasNoHarbors" methodname="GetBestRateForPlayer_ShouldReturnDefaultRate4_WhenPlayerHasNoHarbors" classname="BankTradeManagerTests" runstate="Runnable" seed="526190699" result="Passed" start-time="2026-06-08 16:44:32Z" end-time="2026-06-08 16:44:32Z" duration="0.000150" asserts="0">
          <properties>
            <property name="retryIteration" value="0" />
            <property name="repeatIteration" value="0" />
          </properties>
        </test-case>
        <test-case id="1003" name="GetBestRateForPlayer_ShouldReturnRate2_WhenPlayerHasSpecificHarbor" fullname="BankTradeManagerTests.GetBestRateForPlayer_ShouldReturnRate2_WhenPlayerHasSpecificHarbor" methodname="GetBestRateForPlayer_ShouldReturnRate2_WhenPlayerHasSpecificHarbor" classname="BankTradeManagerTests" runstate="Runnable" seed="534083401" result="Passed" start-time="2026-06-08 16:44:32Z" end-time="2026-06-08 16:44:32Z" duration="0.000084" asserts="0">
          <properties>
            <property name="retryIteration" value="0" />
            <property name="repeatIteration" value="0" />
          </properties>
        </test-case>
      </test-suite>
      <test-suite type="TestFixture" id="1005" name="BuildUIManagerTests" fullname="BuildUIManagerTests" classname="BuildUIManagerTests" runstate="Runnable" testcasecount="2" result="Failed" site="Child" start-time="2026-06-08 16:44:32Z" end-time="2026-06-08 16:44:32Z" duration="0.019241" total="2" passed="1" failed="1" inconclusive="0" skipped="0" asserts="0">
        <properties />
        <failure>
          <message><![CDATA[One or more child tests had errors]]></message>
        </failure>
        <test-case id="1007" name="RefreshButtons_ShouldEnableButtons_WhenPlayerCanAffordThem" fullname="BuildUIManagerTests.RefreshButtons_ShouldEnableButtons_WhenPlayerCanAffordThem" methodname="RefreshButtons_ShouldEnableButtons_WhenPlayerCanAffordThem" classname="BuildUIManagerTests" runstate="Runnable" seed="1758874586" result="Failed" label="Error" start-time="2026-06-08 16:44:32Z" end-time="2026-06-08 16:44:32Z" duration="0.002732" asserts="0">
          <properties>
            <property name="retryIteration" value="0" />
            <property name="repeatIteration" value="0" />
          </properties>
          <failure>
            <message><![CDATA[System.NullReferenceException : Object reference not set to an instance of an object]]></message>
            <stack-trace><![CDATA[  at BuildUIManager.RefreshButtons () [0x00139] in /Users/elenaistrate/HexLands/Assets/Scripts/BuildUIManager.cs:39 
  at BuildUIManagerTests.RefreshButtons_ShouldEnableButtons_WhenPlayerCanAffordThem () [0x00167] in /Users/elenaistrate/HexLands/Assets/Tests/BuildUIManagerTests.cs:92 
  at (wrapper managed-to-native) System.Reflection.RuntimeMethodInfo.InternalInvoke(System.Reflection.RuntimeMethodInfo,object,object[],System.Exception&)
  at System.Reflection.RuntimeMethodInfo.Invoke (System.Object obj, System.Reflection.BindingFlags invokeAttr, System.Reflection.Binder binder, System.Object[] parameters, System.Globalization.CultureInfo culture) [0x0006a] in <67e9686a86934ae8b0ef7cc81c6b4608>:0 ]]></stack-trace>
          </failure>
          <output><![CDATA[Jucătorul Blue a primit 1 Wood.
Jucătorul Blue a primit 1 Brick.
Jucătorul Blue a primit 1 Wheat.
Jucătorul Blue a primit 1 Sheep.
]]></output>
        </test-case>
        <test-case id="1006" name="RefreshButtons_ShouldHideAllButtons_DuringSetupPhase" fullname="BuildUIManagerTests.RefreshButtons_ShouldHideAllButtons_DuringSetupPhase" methodname="RefreshButtons_ShouldHideAllButtons_DuringSetupPhase" classname="BuildUIManagerTests" runstate="Runnable" seed="1174465311" result="Passed" start-time="2026-06-08 16:44:32Z" end-time="2026-06-08 16:44:32Z" duration="0.000720" asserts="0">
          <properties>
            <property name="retryIteration" value="0" />
            <property name="repeatIteration" value="0" />
          </properties>
        </test-case>
      </test-suite>
      <test-suite type="TestFixture" id="1008" name="DevCardItemTests" fullname="DevCardItemTests" classname="DevCardItemTests" runstate="Runnable" testcasecount="1" result="Passed" start-time="2026-06-08 16:44:32Z" end-time="2026-06-08 16:44:33Z" duration="0.021785" total="1" passed="1" failed="0" inconclusive="0" skipped="0" asserts="0">
        <properties />
        <test-case id="1009" name="OnMouseDown_ShouldTriggerUseCard_InDevCardManager" fullname="DevCardItemTests.OnMouseDown_ShouldTriggerUseCard_InDevCardManager" methodname="OnMouseDown_ShouldTriggerUseCard_InDevCardManager" classname="DevCardItemTests" runstate="Runnable" seed="933114333" result="Passed" start-time="2026-06-08 16:44:33Z" end-time="2026-06-08 16:44:33Z" duration="0.001162" asserts="0">
          <properties>
            <property name="retryIteration" value="0" />
            <property name="repeatIteration" value="0" />
          </properties>
          <output><![CDATA[Ai jucat un Cavaler! Mută hoțul.
Avem 7. Pune unde vrei
]]></output>
        </test-case>
      </test-suite>
      <test-suite type="TestFixture" id="1010" name="DevCardManagerTests" fullname="DevCardManagerTests" classname="DevCardManagerTests" runstate="Runnable" testcasecount="2" result="Failed" site="Child" start-time="2026-06-08 16:44:33Z" end-time="2026-06-08 16:44:33Z" duration="0.005939" total="2" passed="1" failed="1" inconclusive="0" skipped="0" asserts="0">
        <properties />
        <failure>
          <message><![CDATA[One or more child tests had errors]]></message>
        </failure>
        <test-case id="1012" name="BuyDevelopmentCard_ShouldDeductResources_AndAddCardToWallet_WhenResourcesAreValid" fullname="DevCardManagerTests.BuyDevelopmentCard_ShouldDeductResources_AndAddCardToWallet_WhenResourcesAreValid" methodname="BuyDevelopmentCard_ShouldDeductResources_AndAddCardToWallet_WhenResourcesAreValid" classname="DevCardManagerTests" runstate="Runnable" seed="1474906896" result="Failed" start-time="2026-06-08 16:44:33Z" end-time="2026-06-08 16:44:33Z" duration="0.001695" asserts="0">
          <properties>
            <property name="retryIteration" value="0" />
            <property name="repeatIteration" value="0" />
          </properties>
          <failure>
            <message><![CDATA[  Grâul nu a fost dedus corect.
  Expected: 0
  But was:  1
]]></message>
            <stack-trace><![CDATA[at DevCardManagerTests.BuyDevelopmentCard_ShouldDeductResources_AndAddCardToWallet_WhenResourcesAreValid () [0x0012c] in /Users/elenaistrate/HexLands/Assets/Tests/DevCardManagerTests.cs:92
]]></stack-trace>
          </failure>
          <output><![CDATA[Jucătorul Blue a primit 1 Wheat.
Jucătorul Blue a primit 1 Sheep.
Jucătorul Blue a primit 1 Ore.
]]></output>
        </test-case>
        <test-case id="1011" name="InitializeDeck_ShouldCreateExactly25Cards_WithCorrectDistribution" fullname="DevCardManagerTests.InitializeDeck_ShouldCreateExactly25Cards_WithCorrectDistribution" methodname="InitializeDeck_ShouldCreateExactly25Cards_WithCorrectDistribution" classname="DevCardManagerTests" runstate="Runnable" seed="253530124" result="Passed" start-time="2026-06-08 16:44:33Z" end-time="2026-06-08 16:44:33Z" duration="0.000109" asserts="0">
          <properties>
            <property name="retryIteration" value="0" />
            <property name="repeatIteration" value="0" />
          </properties>
        </test-case>
      </test-suite>
      <test-suite type="TestFixture" id="1013" name="DiceControllerTests" fullname="DiceControllerTests" classname="DiceControllerTests" runstate="Runnable" testcasecount="2" result="Failed" site="Child" start-time="2026-06-08 16:44:33Z" end-time="2026-06-08 16:44:33Z" duration="0.013792" total="2" passed="1" failed="1" inconclusive="0" skipped="0" asserts="0">
        <properties />
        <failure>
          <message><![CDATA[One or more child tests had errors]]></message>
        </failure>
        <test-case id="1014" name="ResetDice_ShouldClearHasRolledFlag_AndRestoreFullAlpha" fullname="DiceControllerTests.ResetDice_ShouldClearHasRolledFlag_AndRestoreFullAlpha" methodname="ResetDice_ShouldClearHasRolledFlag_AndRestoreFullAlpha" classname="DiceControllerTests" runstate="Runnable" seed="1820415047" result="Passed" start-time="2026-06-08 16:44:33Z" end-time="2026-06-08 16:44:33Z" duration="0.000219" asserts="0">
          <properties>
            <property name="retryIteration" value="0" />
            <property name="repeatIteration" value="0" />
          </properties>
        </test-case>
        <test-case id="1015" name="RollAnimation_ShouldCalculateTotalResult_AndBlockFurtherRolls" fullname="DiceControllerTests.RollAnimation_ShouldCalculateTotalResult_AndBlockFurtherRolls" methodname="RollAnimation_ShouldCalculateTotalResult_AndBlockFurtherRolls" classname="DiceControllerTests" runstate="Runnable" seed="928351179" result="Failed" start-time="2026-06-08 16:44:33Z" end-time="2026-06-08 16:44:33Z" duration="0.009409" asserts="0">
          <properties>
            <property name="_JOINTYPE" value="UnityCombinatorial" />
            <property name="retryIteration" value="0" />
            <property name="repeatIteration" value="0" />
          </properties>
          <failure>
            <message><![CDATA[Unhandled log message: '[Assert] Assertion failed on expression: 'ShouldRunBehaviour()''. Use UnityEngine.TestTools.LogAssert.Expect]]></message>
            <stack-trace><![CDATA[UnityEngine.MonoBehaviour:StartCoroutine (string)
DiceControllerTests/<RollAnimation_ShouldCalculateTotalResult_AndBlockFurtherRolls>d__1:MoveNext () (at Assets/Tests/DiceControllerTests.cs:74)
UnityEditor.EditorApplication:Internal_CallUpdateFunctions ()

]]></stack-trace>
          </failure>
          <output><![CDATA[Assertion failed on expression: 'ShouldRunBehaviour()'
Assertion failed on expression: 'ShouldRunBehaviour()'
]]></output>
        </test-case>
      </test-suite>
      <test-suite type="TestFixture" id="1016" name="DiscardManagerTests" fullname="DiscardManagerTests" classname="DiscardManagerTests" runstate="Runnable" testcasecount="2" result="Passed" start-time="2026-06-08 16:44:33Z" end-time="2026-06-08 16:44:33Z" duration="0.003978" total="2" passed="2" failed="0" inconclusive="0" skipped="0" asserts="0">
        <properties />
        <test-case id="1018" name="DiscardForAI_ShouldPrioritizeSheepOverOtherResources" fullname="DiscardManagerTests.DiscardForAI_ShouldPrioritizeSheepOverOtherResources" methodname="DiscardForAI_ShouldPrioritizeSheepOverOtherResources" classname="DiscardManagerTests" runstate="Runnable" seed="612979897" result="Passed" start-time="2026-06-08 16:44:33Z" end-time="2026-06-08 16:44:33Z" duration="0.000777" asserts="0">
          <properties>
            <property name="retryIteration" value="0" />
            <property name="repeatIteration" value="0" />
          </properties>
          <output><![CDATA[<color=orange>[Utility AI]</color> Aoleu, am 4 cărți! Arunc 2 ca să scap de hoț...
]]></output>
        </test-case>
        <test-case id="1017" name="HandleRuleOf7_ShouldCalculateCorrectSurplus_ForHumanAndAI" fullname="DiscardManagerTests.HandleRuleOf7_ShouldCalculateCorrectSurplus_ForHumanAndAI" methodname="HandleRuleOf7_ShouldCalculateCorrectSurplus_ForHumanAndAI" classname="DiscardManagerTests" runstate="Runnable" seed="1991196010" result="Passed" start-time="2026-06-08 16:44:33Z" end-time="2026-06-08 16:44:33Z" duration="0.001058" asserts="0">
          <properties>
            <property name="retryIteration" value="0" />
            <property name="repeatIteration" value="0" />
          </properties>
          <output><![CDATA[<color=orange>[Utility AI]</color> Aoleu, am 8 cărți! Arunc 4 ca să scap de hoț...
<color=red>[Regula lui 7]</color> Jucătorul uman trebuie să arunce 5 cărți.
]]></output>
        </test-case>
      </test-suite>
      <test-suite type="TestFixture" id="1022" name="GameLogicTests" fullname="GameLogicTests" classname="GameLogicTests" runstate="Runnable" testcasecount="1" result="Passed" start-time="2026-06-08 16:44:33Z" end-time="2026-06-08 16:44:33Z" duration="0.003056" total="1" passed="1" failed="0" inconclusive="0" skipped="0" asserts="0">
        <properties />
        <test-case id="1023" name="TestareFazaInitialaJoc" fullname="GameLogicTests.TestareFazaInitialaJoc" methodname="TestareFazaInitialaJoc" classname="GameLogicTests" runstate="Runnable" seed="1130138857" result="Passed" start-time="2026-06-08 16:44:33Z" end-time="2026-06-08 16:44:33Z" duration="0.000237" asserts="0">
          <properties>
            <property name="retryIteration" value="0" />
            <property name="repeatIteration" value="0" />
          </properties>
        </test-case>
      </test-suite>
      <test-suite type="TestFixture" id="1019" name="GameManagerTests" fullname="GameManagerTests" classname="GameManagerTests" runstate="Runnable" testcasecount="2" result="Passed" start-time="2026-06-08 16:44:33Z" end-time="2026-06-08 16:44:33Z" duration="0.004863" total="2" passed="2" failed="0" inconclusive="0" skipped="0" asserts="0">
        <properties />
        <test-case id="1020" name="AddVictoryPoint_ShouldIncrementPoints_AndTriggerWinCondition" fullname="GameManagerTests.AddVictoryPoint_ShouldIncrementPoints_AndTriggerWinCondition" methodname="AddVictoryPoint_ShouldIncrementPoints_AndTriggerWinCondition" classname="GameManagerTests" runstate="Runnable" seed="1163957244" result="Passed" start-time="2026-06-08 16:44:33Z" end-time="2026-06-08 16:44:33Z" duration="0.000587" asserts="0">
          <properties>
            <property name="retryIteration" value="0" />
            <property name="repeatIteration" value="0" />
          </properties>
          <output><![CDATA[<color=green>JUCĂTORUL Blue A CÂȘTIGAT JOCUL!</color>
]]></output>
        </test-case>
        <test-case id="1021" name="CheckLargestArmy_ShouldTransferTrofee_AndAdjustVictoryPoints" fullname="GameManagerTests.CheckLargestArmy_ShouldTransferTrofee_AndAdjustVictoryPoints" methodname="CheckLargestArmy_ShouldTransferTrofee_AndAdjustVictoryPoints" classname="GameManagerTests" runstate="Runnable" seed="531508569" result="Passed" start-time="2026-06-08 16:44:33Z" end-time="2026-06-08 16:44:33Z" duration="0.000064" asserts="0">
          <properties>
            <property name="retryIteration" value="0" />
            <property name="repeatIteration" value="0" />
          </properties>
        </test-case>
      </test-suite>
      <test-suite type="TestFixture" id="1024" name="HarborTests" fullname="HarborTests" classname="HarborTests" runstate="Runnable" testcasecount="1" result="Passed" start-time="2026-06-08 16:44:33Z" end-time="2026-06-08 16:44:33Z" duration="0.003726" total="1" passed="1" failed="0" inconclusive="0" skipped="0" asserts="0">
        <properties />
        <test-case id="1025" name="AssignToCorners_ShouldFindAndApplyBonusToValidAdjacentCorners" fullname="HarborTests.AssignToCorners_ShouldFindAndApplyBonusToValidAdjacentCorners" methodname="AssignToCorners_ShouldFindAndApplyBonusToValidAdjacentCorners" classname="HarborTests" runstate="Runnable" seed="914289307" result="Passed" start-time="2026-06-08 16:44:33Z" end-time="2026-06-08 16:44:33Z" duration="0.000822" asserts="0">
          <properties>
            <property name="retryIteration" value="0" />
            <property name="repeatIteration" value="0" />
          </properties>
          <output><![CDATA[Colțul TestCorner a primit bonus de port: Wheat2to1
]]></output>
        </test-case>
      </test-suite>
      <test-suite type="TestFixture" id="1026" name="HexCoordinatesTests" fullname="HexCoordinatesTests" classname="HexCoordinatesTests" runstate="Runnable" testcasecount="3" result="Passed" start-time="2026-06-08 16:44:33Z" end-time="2026-06-08 16:44:33Z" duration="0.003904" total="3" passed="3" failed="0" inconclusive="0" skipped="0" asserts="0">
        <properties />
        <test-case id="1029" name="AxialToWorld_ShouldCalculateCorrectYPosition_BasedOnRowCoordinate" fullname="HexCoordinatesTests.AxialToWorld_ShouldCalculateCorrectYPosition_BasedOnRowCoordinate" methodname="AxialToWorld_ShouldCalculateCorrectYPosition_BasedOnRowCoordinate" classname="HexCoordinatesTests" runstate="Runnable" seed="575049235" result="Passed" start-time="2026-06-08 16:44:33Z" end-time="2026-06-08 16:44:33Z" duration="0.000066" asserts="0">
          <properties>
            <property name="retryIteration" value="0" />
            <property name="repeatIteration" value="0" />
          </properties>
        </test-case>
        <test-case id="1028" name="AxialToWorld_ShouldReturnOrigin_WhenCoordinatesAreZero" fullname="HexCoordinatesTests.AxialToWorld_ShouldReturnOrigin_WhenCoordinatesAreZero" methodname="AxialToWorld_ShouldReturnOrigin_WhenCoordinatesAreZero" classname="HexCoordinatesTests" runstate="Runnable" seed="491709351" result="Passed" start-time="2026-06-08 16:44:33Z" end-time="2026-06-08 16:44:33Z" duration="0.000033" asserts="0">
          <properties>
            <property name="retryIteration" value="0" />
            <property name="repeatIteration" value="0" />
          </properties>
        </test-case>
        <test-case id="1027" name="ConstructorAndProperties_ShouldCalculateCorrectSCoordinate" fullname="HexCoordinatesTests.ConstructorAndProperties_ShouldCalculateCorrectSCoordinate" methodname="ConstructorAndProperties_ShouldCalculateCorrectSCoordinate" classname="HexCoordinatesTests" runstate="Runnable" seed="1981295790" result="Passed" start-time="2026-06-08 16:44:33Z" end-time="2026-06-08 16:44:33Z" duration="0.000025" asserts="0">
          <properties>
            <property name="retryIteration" value="0" />
            <property name="repeatIteration" value="0" />
          </properties>
        </test-case>
      </test-suite>
      <test-suite type="TestFixture" id="1030" name="HexCornerTests" fullname="HexCornerTests" classname="HexCornerTests" runstate="Runnable" testcasecount="2" result="Passed" start-time="2026-06-08 16:44:33Z" end-time="2026-06-08 16:44:33Z" duration="0.004019" total="2" passed="2" failed="0" inconclusive="0" skipped="0" asserts="0">
        <properties />
        <test-case id="1032" name="GiveHarborBonus_ShouldSetCorrectTradeRatio_ForGenericAndSpecificHarbors" fullname="HexCornerTests.GiveHarborBonus_ShouldSetCorrectTradeRatio_ForGenericAndSpecificHarbors" methodname="GiveHarborBonus_ShouldSetCorrectTradeRatio_ForGenericAndSpecificHarbors" classname="HexCornerTests" runstate="Runnable" seed="1506189592" result="Passed" start-time="2026-06-08 16:44:33Z" end-time="2026-06-08 16:44:33Z" duration="0.001132" asserts="0">
          <properties>
            <property name="retryIteration" value="0" />
            <property name="repeatIteration" value="0" />
          </properties>
          <output><![CDATA[Colțul New Game Object a primit bonus de port: Generic3to1
Colțul New Game Object a primit bonus de port: Sheep2to1
]]></output>
        </test-case>
        <test-case id="1031" name="IsValidForSettlement_ShouldReturnFalse_WhenNeighborIsOccupied" fullname="HexCornerTests.IsValidForSettlement_ShouldReturnFalse_WhenNeighborIsOccupied" methodname="IsValidForSettlement_ShouldReturnFalse_WhenNeighborIsOccupied" classname="HexCornerTests" runstate="Runnable" seed="15446525" result="Passed" start-time="2026-06-08 16:44:33Z" end-time="2026-06-08 16:44:33Z" duration="0.000112" asserts="0">
          <properties>
            <property name="retryIteration" value="0" />
            <property name="repeatIteration" value="0" />
          </properties>
        </test-case>
      </test-suite>
      <test-suite type="TestFixture" id="1033" name="HexDataTests" fullname="HexDataTests" classname="HexDataTests" runstate="Runnable" testcasecount="2" result="Passed" start-time="2026-06-08 16:44:33Z" end-time="2026-06-08 16:44:33Z" duration="0.003199" total="2" passed="2" failed="0" inconclusive="0" skipped="0" asserts="0">
        <properties />
        <test-case id="1034" name="Initialize_ShouldSetCoordinatesAndType_AndUpdateVisuals" fullname="HexDataTests.Initialize_ShouldSetCoordinatesAndType_AndUpdateVisuals" methodname="Initialize_ShouldSetCoordinatesAndType_AndUpdateVisuals" classname="HexDataTests" runstate="Runnable" seed="1020611937" result="Passed" start-time="2026-06-08 16:44:33Z" end-time="2026-06-08 16:44:33Z" duration="0.000207" asserts="0">
          <properties>
            <property name="retryIteration" value="0" />
            <property name="repeatIteration" value="0" />
          </properties>
        </test-case>
        <test-case id="1035" name="SetRobberStatus_ShouldModifyHasRobberFlag" fullname="HexDataTests.SetRobberStatus_ShouldModifyHasRobberFlag" methodname="SetRobberStatus_ShouldModifyHasRobberFlag" classname="HexDataTests" runstate="Runnable" seed="651971130" result="Passed" start-time="2026-06-08 16:44:33Z" end-time="2026-06-08 16:44:33Z" duration="0.000045" asserts="0">
          <properties>
            <property name="retryIteration" value="0" />
            <property name="repeatIteration" value="0" />
          </properties>
        </test-case>
      </test-suite>
      <test-suite type="TestFixture" id="1036" name="HexEdgeTests" fullname="HexEdgeTests" classname="HexEdgeTests" runstate="Runnable" testcasecount="2" result="Passed" start-time="2026-06-08 16:44:33Z" end-time="2026-06-08 16:44:33Z" duration="0.003230" total="2" passed="2" failed="0" inconclusive="0" skipped="0" asserts="0">
        <properties />
        <test-case id="1037" name="Awake_ShouldDeactivateVisuals_AndDisableCollider" fullname="HexEdgeTests.Awake_ShouldDeactivateVisuals_AndDisableCollider" methodname="Awake_ShouldDeactivateVisuals_AndDisableCollider" classname="HexEdgeTests" runstate="Runnable" seed="2056618387" result="Passed" start-time="2026-06-08 16:44:33Z" end-time="2026-06-08 16:44:33Z" duration="0.000156" asserts="0">
          <properties>
            <property name="retryIteration" value="0" />
            <property name="repeatIteration" value="0" />
          </properties>
        </test-case>
        <test-case id="1038" name="BuildRoad_ShouldOccupyEdge_SetOwner_AndEnableRoadSprite" fullname="HexEdgeTests.BuildRoad_ShouldOccupyEdge_SetOwner_AndEnableRoadSprite" methodname="BuildRoad_ShouldOccupyEdge_SetOwner_AndEnableRoadSprite" classname="HexEdgeTests" runstate="Runnable" seed="1682396176" result="Passed" start-time="2026-06-08 16:44:33Z" end-time="2026-06-08 16:44:33Z" duration="0.000201" asserts="0">
          <properties>
            <property name="retryIteration" value="0" />
            <property name="repeatIteration" value="0" />
          </properties>
        </test-case>
      </test-suite>
      <test-suite type="TestFixture" id="1039" name="MapGeneratorTests" fullname="MapGeneratorTests" classname="MapGeneratorTests" runstate="Runnable" testcasecount="2" result="Failed" site="Child" start-time="2026-06-08 16:44:33Z" end-time="2026-06-08 16:44:33Z" duration="0.003872" total="2" passed="1" failed="1" inconclusive="0" skipped="0" asserts="0">
        <properties />
        <failure>
          <message><![CDATA[One or more child tests had errors]]></message>
        </failure>
        <test-case id="1040" name="PrepareNextPlayer_ShouldResetDice_AndIncrementTurnCounter" fullname="MapGeneratorTests.PrepareNextPlayer_ShouldResetDice_AndIncrementTurnCounter" methodname="PrepareNextPlayer_ShouldResetDice_AndIncrementTurnCounter" classname="MapGeneratorTests" runstate="Runnable" seed="488793610" result="Passed" start-time="2026-06-08 16:44:33Z" end-time="2026-06-08 16:44:33Z" duration="0.000215" asserts="0">
          <properties>
            <property name="retryIteration" value="0" />
            <property name="repeatIteration" value="0" />
          </properties>
        </test-case>
        <test-case id="1041" name="ValidateCatanRules_ShouldReturnTrue_WhenNoAdjacentSixAndEightTokens" fullname="MapGeneratorTests.ValidateCatanRules_ShouldReturnTrue_WhenNoAdjacentSixAndEightTokens" methodname="ValidateCatanRules_ShouldReturnTrue_WhenNoAdjacentSixAndEightTokens" classname="MapGeneratorTests" runstate="Runnable" seed="2043279327" result="Failed" label="Error" start-time="2026-06-08 16:44:33Z" end-time="2026-06-08 16:44:33Z" duration="0.000208" asserts="0">
          <properties>
            <property name="retryIteration" value="0" />
            <property name="repeatIteration" value="0" />
          </properties>
          <failure>
            <message><![CDATA[System.NullReferenceException : Object reference not set to an instance of an object]]></message>
            <stack-trace><![CDATA[  at HexData.UpdateVisuals () [0x00038] in /Users/elenaistrate/HexLands/Assets/Scripts/Hexdata.cs:68 
  at HexData.Initialize (System.Int32 q, System.Int32 r, HexData+ResourceType type, System.Int32 number) [0x0001d] in /Users/elenaistrate/HexLands/Assets/Scripts/Hexdata.cs:62 
  at MapGeneratorTests.ValidateCatanRules_ShouldReturnTrue_WhenNoAdjacentSixAndEightTokens () [0x00024] in /Users/elenaistrate/HexLands/Assets/Tests/MapGeneratorTests.cs:62 
  at (wrapper managed-to-native) System.Reflection.RuntimeMethodInfo.InternalInvoke(System.Reflection.RuntimeMethodInfo,object,object[],System.Exception&)
  at System.Reflection.RuntimeMethodInfo.Invoke (System.Object obj, System.Reflection.BindingFlags invokeAttr, System.Reflection.Binder binder, System.Object[] parameters, System.Globalization.CultureInfo culture) [0x0006a] in <67e9686a86934ae8b0ef7cc81c6b4608>:0 ]]></stack-trace>
          </failure>
        </test-case>
      </test-suite>
      <test-suite type="TestFixture" id="1042" name="MonopolyUITests" fullname="MonopolyUITests" classname="MonopolyUITests" runstate="Runnable" testcasecount="1" result="Failed" site="Child" start-time="2026-06-08 16:44:33Z" end-time="2026-06-08 16:44:33Z" duration="0.004204" total="1" passed="0" failed="1" inconclusive="0" skipped="0" asserts="0">
        <properties />
        <failure>
          <message><![CDATA[One or more child tests had errors]]></message>
        </failure>
        <test-case id="1043" name="OnConfirmClick_ShouldStealAllChosenResourcesFromOpponent" fullname="MonopolyUITests.OnConfirmClick_ShouldStealAllChosenResourcesFromOpponent" methodname="OnConfirmClick_ShouldStealAllChosenResourcesFromOpponent" classname="MonopolyUITests" runstate="Runnable" seed="1095787691" result="Failed" start-time="2026-06-08 16:44:33Z" end-time="2026-06-08 16:44:33Z" duration="0.000848" asserts="0">
          <properties>
            <property name="retryIteration" value="0" />
            <property name="repeatIteration" value="0" />
          </properties>
          <failure>
            <message><![CDATA[  Oponentul ar trebui să rămână cu 0 resurse de tipul ales.
  Expected: 0
  But was:  4
]]></message>
            <stack-trace><![CDATA[at MonopolyUITests.OnConfirmClick_ShouldStealAllChosenResourcesFromOpponent () [0x00073] in /Users/elenaistrate/HexLands/Assets/Tests/MonopolyUITests.cs:35
]]></stack-trace>
          </failure>
          <output><![CDATA[<color=magenta>MONOPOLY!</color> Ghinion! Orange nu avea nicio resursă de tipul Wood.
]]></output>
        </test-case>
      </test-suite>
      <test-suite type="TestFixture" id="1044" name="OllamaAdvisorEvals" fullname="OllamaAdvisorEvals" classname="OllamaAdvisorEvals" runstate="Runnable" testcasecount="1" result="Failed" site="Child" start-time="2026-06-08 16:44:33Z" end-time="2026-06-08 16:44:33Z" duration="0.146931" total="1" passed="0" failed="1" inconclusive="0" skipped="0" asserts="0">
        <properties />
        <failure>
          <message><![CDATA[One or more child tests had errors]]></message>
        </failure>
        <test-case id="1045" name="Eval_OllamaAdvisor_ReturnsValidBriefEnglishResponse" fullname="OllamaAdvisorEvals.Eval_OllamaAdvisor_ReturnsValidBriefEnglishResponse" methodname="Eval_OllamaAdvisor_ReturnsValidBriefEnglishResponse" classname="OllamaAdvisorEvals" runstate="Runnable" seed="1817706448" result="Failed" start-time="2026-06-08 16:44:33Z" end-time="2026-06-08 16:44:33Z" duration="0.143378" asserts="0">
          <properties>
            <property name="_JOINTYPE" value="UnityCombinatorial" />
            <property name="retryIteration" value="0" />
            <property name="repeatIteration" value="0" />
          </properties>
          <failure>
            <message><![CDATA[[EVAL TIMEOUT]: Ollama nu a răspuns în 10 secunde. Este pornită aplicația pe Mac?]]></message>
            <stack-trace><![CDATA[at OllamaAdvisorEvals+<Eval_OllamaAdvisor_ReturnsValidBriefEnglishResponse>d__6.MoveNext () [0x00071] in /Users/elenaistrate/HexLands/Assets/Tests/OllamaAdvisorTests.cs:60
at UnityEngine.TestTools.TestEnumerator+<Execute>d__7.MoveNext () [0x0003a] in ./Library/PackageCache/com.unity.test-framework@76560ee600cb/UnityEngine.TestRunner/NUnitExtensions/Attributes/TestEnumerator.cs:44
]]></stack-trace>
          </failure>
          <output><![CDATA[[EVAL] Se trimite starea jocului către Ollama (phi3)...
]]></output>
        </test-case>
      </test-suite>
      <test-suite type="TestFixture" id="1046" name="PlayerInventoryTests" fullname="PlayerInventoryTests" classname="PlayerInventoryTests" runstate="Runnable" testcasecount="1" result="Passed" start-time="2026-06-08 16:44:33Z" end-time="2026-06-08 16:44:33Z" duration="0.003695" total="1" passed="1" failed="0" inconclusive="0" skipped="0" asserts="0">
        <properties />
        <test-case id="1047" name="PlayerInventory_AddResource_ShouldModifyCount_AndNotDropBelowZero" fullname="PlayerInventoryTests.PlayerInventory_AddResource_ShouldModifyCount_AndNotDropBelowZero" methodname="PlayerInventory_AddResource_ShouldModifyCount_AndNotDropBelowZero" classname="PlayerInventoryTests" runstate="Runnable" seed="75499156" result="Passed" start-time="2026-06-08 16:44:33Z" end-time="2026-06-08 16:44:33Z" duration="0.000959" asserts="0">
          <properties>
            <property name="retryIteration" value="0" />
            <property name="repeatIteration" value="0" />
          </properties>
        </test-case>
      </test-suite>
      <test-suite type="TestFixture" id="1048" name="PlayerResourceManagerTests" fullname="PlayerResourceManagerTests" classname="PlayerResourceManagerTests" runstate="Runnable" testcasecount="1" result="Passed" start-time="2026-06-08 16:44:33Z" end-time="2026-06-08 16:44:33Z" duration="0.005396" total="1" passed="1" failed="0" inconclusive="0" skipped="0" asserts="0">
        <properties />
        <test-case id="1049" name="PlayerResourceManager_AddResource_And_CanAffordRoad_LogicCheck" fullname="PlayerResourceManagerTests.PlayerResourceManager_AddResource_And_CanAffordRoad_LogicCheck" methodname="PlayerResourceManager_AddResource_And_CanAffordRoad_LogicCheck" classname="PlayerResourceManagerTests" runstate="Runnable" seed="1764041863" result="Passed" start-time="2026-06-08 16:44:33Z" end-time="2026-06-08 16:44:33Z" duration="0.001669" asserts="0">
          <properties>
            <property name="retryIteration" value="0" />
            <property name="repeatIteration" value="0" />
          </properties>
          <output><![CDATA[Jucătorul Blue a primit 1 Wood.
Jucătorul Blue a primit 1 Brick.
]]></output>
        </test-case>
      </test-suite>
      <test-suite type="TestFixture" id="1050" name="SettlementPlacerTests" fullname="SettlementPlacerTests" classname="SettlementPlacerTests" runstate="Runnable" testcasecount="1" result="Passed" start-time="2026-06-08 16:44:33Z" end-time="2026-06-08 16:44:33Z" duration="0.003161" total="1" passed="1" failed="0" inconclusive="0" skipped="0" asserts="0">
        <properties />
        <test-case id="1051" name="ActivateRoadBuildingCard_ShouldSetTwoRemainingRoads_AndChangeModeToPlacingRoad" fullname="SettlementPlacerTests.ActivateRoadBuildingCard_ShouldSetTwoRemainingRoads_AndChangeModeToPlacingRoad" methodname="ActivateRoadBuildingCard_ShouldSetTwoRemainingRoads_AndChangeModeToPlacingRoad" classname="SettlementPlacerTests" runstate="Runnable" seed="513827963" result="Passed" start-time="2026-06-08 16:44:33Z" end-time="2026-06-08 16:44:33Z" duration="0.000161" asserts="0">
          <properties>
            <property name="retryIteration" value="0" />
            <property name="repeatIteration" value="0" />
          </properties>
        </test-case>
      </test-suite>
      <test-suite type="TestFixture" id="1052" name="YearOfPlentyUITests" fullname="YearOfPlentyUITests" classname="YearOfPlentyUITests" runstate="Runnable" testcasecount="1" result="Failed" site="Child" start-time="2026-06-08 16:44:33Z" end-time="2026-06-08 16:44:33Z" duration="0.004419" total="1" passed="0" failed="1" inconclusive="0" skipped="0" asserts="0">
        <properties />
        <failure>
          <message><![CDATA[One or more child tests had errors]]></message>
        </failure>
        <test-case id="1053" name="OnConfirmClick_ShouldAddCorrectResources_AndClosePanel" fullname="YearOfPlentyUITests.OnConfirmClick_ShouldAddCorrectResources_AndClosePanel" methodname="OnConfirmClick_ShouldAddCorrectResources_AndClosePanel" classname="YearOfPlentyUITests" runstate="Runnable" seed="1994568367" result="Failed" label="Error" start-time="2026-06-08 16:44:33Z" end-time="2026-06-08 16:44:33Z" duration="0.000866" asserts="0">
          <properties>
            <property name="retryIteration" value="0" />
            <property name="repeatIteration" value="0" />
          </properties>
          <failure>
            <message><![CDATA[System.NullReferenceException : Object reference not set to an instance of an object]]></message>
            <stack-trace><![CDATA[  at PlayerResourceManager.GetResourceCount (MapGenerator+Player player, HexData+ResourceType type) [0x0002f] in /Users/elenaistrate/HexLands/Assets/Scripts/PlayerResourceManager.cs:121 
  at YearOfPlentyUITests.OnConfirmClick_ShouldAddCorrectResources_AndClosePanel () [0x00062] in /Users/elenaistrate/HexLands/Assets/Tests/YearOfPlentyUITests.cs:43 
  at (wrapper managed-to-native) System.Reflection.RuntimeMethodInfo.InternalInvoke(System.Reflection.RuntimeMethodInfo,object,object[],System.Exception&)
  at System.Reflection.RuntimeMethodInfo.Invoke (System.Object obj, System.Reflection.BindingFlags invokeAttr, System.Reflection.Binder binder, System.Object[] parameters, System.Globalization.CultureInfo culture) [0x0006a] in <67e9686a86934ae8b0ef7cc81c6b4608>:0 ]]></stack-trace>
          </failure>
          <output><![CDATA[Year of Plenty: Resurse adăugate cu succes!
Saving results to: /Users/elenaistrate/Library/Application Support/DefaultCompany/Catan/TestResults.xml
]]></output>
        </test-case>
      </test-suite>
    </test-suite>
  </test-suite>
</test-run>